--------------------------------------
Running PBS prologue script
--------------------------------------
User and Job Data:
--------------------------------------
Job ID:    705030.qb3
Username:  lrm028
Group:     latechusers
Date:      09-Oct-2019 18:23
Node:      qb027 (58407)
--------------------------------------
PBS has allocated the following nodes:

qb027

A total of 20 processors on 1 nodes allocated
---------------------------------------------
Check nodes and clean them of stray processes
---------------------------------------------
Checking node qb027 18:23:54 
Done clearing all the allocated nodes
------------------------------------------------------
Concluding PBS prologue script - 09-Oct-2019 18:23:54
------------------------------------------------------
Hello world from #0 of 8!
Hello world from #1 of 8!
Hello world from #2 of 8!
Hello world from #3 of 8!
Hello world from #4 of 8!
Hello world from #5 of 8!
Hello world from #6 of 8!
Hello world from #7 of 8!
Time on rank #0 is 0.000144!
------------------------------------------------------
Running PBS epilogue script    - 09-Oct-2019 18:23:55
------------------------------------------------------
Checking node qb027 (MS)
Checking node qb027 ok
------------------------------------------------------
Concluding PBS epilogue script - 09-Oct-2019 18:23:57
------------------------------------------------------
Exit Status:     0
Job ID:          705030.qb3
Username:        lrm028
Group:           latechusers
Job Name:        lab2b8
Session Id:      58406
Resource Limits: ncpus=1,neednodes=1:ppn=20,nodes=1:ppn=20,walltime=01:00:00
Resources Used:  cput=00:00:02,mem=0kb,vmem=0kb,walltime=00:00:03
Queue Used:      workq
Account String:  loni_cyen405
Node:            qb027
Process id:      59031
------------------------------------------------------
