--------------------------------------
Running PBS prologue script
--------------------------------------
User and Job Data:
--------------------------------------
Job ID:    704819.qb3
Username:  lrm028
Group:     latechusers
Date:      09-Oct-2019 14:24
Node:      qb266 (52480)
--------------------------------------
PBS has allocated the following nodes:

qb266

A total of 20 processors on 1 nodes allocated
---------------------------------------------
Check nodes and clean them of stray processes
---------------------------------------------
Checking node qb266 14:24:22 
Done clearing all the allocated nodes
------------------------------------------------------
Concluding PBS prologue script - 09-Oct-2019 14:24:22
------------------------------------------------------
The sum is 50000005000000.000000.
Time is 0.020000 secs.
------------------------------------------------------
Running PBS epilogue script    - 09-Oct-2019 14:24:22
------------------------------------------------------
Checking node qb266 (MS)
Checking node qb266 ok
------------------------------------------------------
Concluding PBS epilogue script - 09-Oct-2019 14:24:24
------------------------------------------------------
Exit Status:     0
Job ID:          704819.qb3
Username:        lrm028
Group:           latechusers
Job Name:        lab2a
Session Id:      52479
Resource Limits: ncpus=1,neednodes=1:ppn=20,nodes=1:ppn=20,walltime=01:00:00
Resources Used:  cput=00:00:00,mem=0kb,vmem=0kb,walltime=00:00:02
Queue Used:      workq
Account String:  loni_cyen405
Node:            qb266
Process id:      53087
------------------------------------------------------
